0 info it worked if it ends with ok
1 verbose cli [ '/usr/bin/nodejs', '/usr/bin/npm', 'install', '-g' ]
2 info using npm@1.4.21
3 info using node@v0.10.25
4 verbose cache add [ '.', null ]
5 verbose cache add name=undefined spec="." args=[".",null]
6 verbose parsed url { protocol: null,
6 verbose parsed url   slashes: null,
6 verbose parsed url   auth: null,
6 verbose parsed url   host: null,
6 verbose parsed url   port: null,
6 verbose parsed url   hostname: null,
6 verbose parsed url   hash: null,
6 verbose parsed url   search: null,
6 verbose parsed url   query: null,
6 verbose parsed url   pathname: '.',
6 verbose parsed url   path: '.',
6 verbose parsed url   href: '.' }
7 silly lockFile 3a52ce78- .
8 verbose lock . /home/everton/.npm/3a52ce78-.lock
9 verbose tar pack [ '/home/everton/.npm/notei/1.0.0/package.tgz', '.' ]
10 verbose tarball /home/everton/.npm/notei/1.0.0/package.tgz
11 verbose folder .
12 info prepublish notei@1.0.0
13 silly lockFile 1f1177db-tar tar://.
14 verbose lock tar://. /home/everton/.npm/1f1177db-tar.lock
15 silly lockFile c34ecb3d-rton-npm-notei-1-0-0-package-tgz tar:///home/everton/.npm/notei/1.0.0/package.tgz
16 verbose lock tar:///home/everton/.npm/notei/1.0.0/package.tgz /home/everton/.npm/c34ecb3d-rton-npm-notei-1-0-0-package-tgz.lock
17 silly lockFile 1f1177db-tar tar://.
18 silly lockFile 1f1177db-tar tar://.
19 silly lockFile c34ecb3d-rton-npm-notei-1-0-0-package-tgz tar:///home/everton/.npm/notei/1.0.0/package.tgz
20 silly lockFile c34ecb3d-rton-npm-notei-1-0-0-package-tgz tar:///home/everton/.npm/notei/1.0.0/package.tgz
21 silly lockFile ebfdee7c--everton-npm-notei-1-0-0-package /home/everton/.npm/notei/1.0.0/package
22 verbose lock /home/everton/.npm/notei/1.0.0/package /home/everton/.npm/ebfdee7c--everton-npm-notei-1-0-0-package.lock
23 silly lockFile ebfdee7c--everton-npm-notei-1-0-0-package /home/everton/.npm/notei/1.0.0/package
24 silly lockFile ebfdee7c--everton-npm-notei-1-0-0-package /home/everton/.npm/notei/1.0.0/package
25 silly lockFile 3a52ce78- .
26 silly lockFile 3a52ce78- .
27 error addLocal Could not install .
28 error Error: EACCES, open '/home/everton/.npm/notei/1.0.0/package/package.json'
28 error  { [Error: EACCES, open '/home/everton/.npm/notei/1.0.0/package/package.json']
28 error   errno: 3,
28 error   code: 'EACCES',
28 error   path: '/home/everton/.npm/notei/1.0.0/package/package.json' }
29 error Please try running this command again as root/Administrator.
30 error System Linux 3.19.0-31-generic
31 error command "/usr/bin/nodejs" "/usr/bin/npm" "install" "-g"
32 error cwd /home/everton/WebstormProjects/notei
33 error node -v v0.10.25
34 error npm -v 1.4.21
35 error path /home/everton/.npm/notei/1.0.0/package/package.json
36 error code EACCES
37 error errno 3
38 error stack Error: EACCES, open '/home/everton/.npm/notei/1.0.0/package/package.json'
39 verbose exit [ 3, true ]
